2025-11-18 17:28:27 [INFO] Logger initialized.
2025-11-18 17:28:27 [INFO] Log file: logs/drone_log_2025-11-18_17-28-27.log
2025-11-18 17:28:44 [INFO] 📡 Connected on /dev/ttyACM0 @ 57600
2025-11-18 17:28:44 [INFO] [STEP 1] Setting mode to STABILIZE (no GPS needed)...
2025-11-18 17:28:44 [INFO]   Waiting for mode change...
2025-11-18 17:28:45 [INFO] [STEP 2] Disabling arming checks and arming motors...
2025-11-18 17:28:45 [INFO]   Waiting for arming...
2025-11-18 17:28:46 [INFO]   Waiting for arming...
2025-11-18 17:28:47 [INFO]   Waiting for arming...
2025-11-18 17:28:48 [INFO]   Waiting for arming...
2025-11-18 17:28:49 [INFO]   Waiting for arming...
2025-11-18 17:28:50 [ERROR] ERROR during arm/disarm: ❌ Failed to arm motors.
Traceback (most recent call last):
  File "/home/sam/Desktop/auto_git/Flight-Exec/services/arming_service.py", line 103, in execute_arm_disarm
    arm_vehicle(vehicle, logger)
  File "/home/sam/Desktop/auto_git/Flight-Exec/services/arming_service.py", line 56, in arm_vehicle
    raise RuntimeError("❌ Failed to arm motors.")
RuntimeError: ❌ Failed to arm motors.
2025-11-18 17:28:50 [INFO] Checking safe disconnect conditions...
2025-11-18 17:28:50 [INFO] Waiting for: 1) Drone on ground (alt <= 0.5m), 2) Drone disarmed
2025-11-18 17:28:50 [DEBUG] Safety check: alt=0.12m, armed=False
2025-11-18 17:28:50 [INFO] ✅ Safe conditions met: Drone on ground and disarmed
2025-11-18 17:28:50 [INFO] ✅ Disconnected from vehicle safely
