2025-11-18 15:21:04 [INFO] Logger initialized.
2025-11-18 15:21:04 [INFO] Log file: logs/drone_log_2025-11-18_15-21-04.log
2025-11-18 15:21:10 [INFO] 📡 Connected on /dev/ttyACM0 @ 115200
2025-11-18 15:21:10 [INFO] [STEP 1] Setting mode to STABILIZE (no GPS needed)...
2025-11-18 15:21:10 [INFO] [STEP 2] Disabling arming checks and arming motors...
2025-11-18 15:21:10 [INFO]   Waiting for arming...
2025-11-18 15:21:11 [INFO]   Waiting for arming...
2025-11-18 15:21:12 [INFO]   Waiting for arming...
2025-11-18 15:21:13 [INFO]   Waiting for arming...
2025-11-18 15:21:14 [INFO]   Waiting for arming...
2025-11-18 15:21:15 [ERROR] ERROR during arm/disarm: ❌ Failed to arm motors.
Traceback (most recent call last):
  File "/home/sam/Desktop/auto_git/Flight-Exec/services/arming_service.py", line 103, in execute_arm_disarm
    arm_vehicle(vehicle, logger)
  File "/home/sam/Desktop/auto_git/Flight-Exec/services/arming_service.py", line 56, in arm_vehicle
    raise RuntimeError("❌ Failed to arm motors.")
RuntimeError: ❌ Failed to arm motors.
2025-11-18 15:21:15 [INFO] Checking safe disconnect conditions...
2025-11-18 15:21:15 [INFO] Waiting for: 1) Drone on ground (alt <= 0.5m), 2) Drone disarmed
2025-11-18 15:21:15 [DEBUG] Safety check: alt=-0.24m, armed=False
2025-11-18 15:21:15 [INFO] ✅ Safe conditions met: Drone on ground and disarmed
2025-11-18 15:21:15 [INFO] ✅ Disconnected from vehicle safely
